<?xml version="1.0" encoding="UTF-8"?>
<testsuite xmlns:xsi="http://www.w3.org/2001/XMLSchema-instance" xsi:noNamespaceSchemaLocation="https://maven.apache.org/surefire/maven-surefire-plugin/xsd/surefire-test-report-3.0.xsd" version="3.0" name="TestSuite" time="2.793" tests="12" errors="0" skipped="11" failures="1">
  <properties>
    <property name="java.specification.version" value="17"/>
    <property name="sun.jnu.encoding" value="UTF-8"/>
    <property name="java.class.path" value="/home/danillo/Dropbox/Estudos/Teste de Software/Iterasys/Formacao em Teste de Software/Lista de Exercícios/Projetos de Conclusão/5-teste-mobile/target/test-classes:/home/danillo/Dropbox/Estudos/Teste de Software/Iterasys/Formacao em Teste de Software/Lista de Exercícios/Projetos de Conclusão/5-teste-mobile/target/classes:/home/danillo/.m2/repository/io/appium/java-client/8.6.0/java-client-8.6.0.jar:/home/danillo/.m2/repository/org/seleniumhq/selenium/selenium-api/4.13.0/selenium-api-4.13.0.jar:/home/danillo/.m2/repository/org/seleniumhq/selenium/selenium-remote-driver/4.13.0/selenium-remote-driver-4.13.0.jar:/home/danillo/.m2/repository/com/google/auto/service/auto-service-annotations/1.1.1/auto-service-annotations-1.1.1.jar:/home/danillo/.m2/repository/com/google/guava/guava/32.1.2-jre/guava-32.1.2-jre.jar:/home/danillo/.m2/repository/com/google/guava/failureaccess/1.0.1/failureaccess-1.0.1.jar:/home/danillo/.m2/repository/com/google/guava/listenablefuture/9999.0-empty-to-avoid-conflict-with-guava/listenablefuture-9999.0-empty-to-avoid-conflict-with-guava.jar:/home/danillo/.m2/repository/com/google/code/findbugs/jsr305/3.0.2/jsr305-3.0.2.jar:/home/danillo/.m2/repository/org/checkerframework/checker-qual/3.33.0/checker-qual-3.33.0.jar:/home/danillo/.m2/repository/com/google/errorprone/error_prone_annotations/2.18.0/error_prone_annotations-2.18.0.jar:/home/danillo/.m2/repository/com/google/j2objc/j2objc-annotations/2.8/j2objc-annotations-2.8.jar:/home/danillo/.m2/repository/io/netty/netty-buffer/4.1.96.Final/netty-buffer-4.1.96.Final.jar:/home/danillo/.m2/repository/io/netty/netty-codec-http/4.1.96.Final/netty-codec-http-4.1.96.Final.jar:/home/danillo/.m2/repository/io/netty/netty-codec/4.1.96.Final/netty-codec-4.1.96.Final.jar:/home/danillo/.m2/repository/io/netty/netty-handler/4.1.96.Final/netty-handler-4.1.96.Final.jar:/home/danillo/.m2/repository/io/netty/netty-common/4.1.96.Final/netty-common-4.1.96.Final.jar:/home/danillo/.m2/repository/io/netty/netty-transport-classes-epoll/4.1.96.Final/netty-transport-classes-epoll-4.1.96.Final.jar:/home/danillo/.m2/repository/io/netty/netty-transport-classes-kqueue/4.1.96.Final/netty-transport-classes-kqueue-4.1.96.Final.jar:/home/danillo/.m2/repository/io/netty/netty-transport-native-epoll/4.1.96.Final/netty-transport-native-epoll-4.1.96.Final.jar:/home/danillo/.m2/repository/io/netty/netty-transport-native-kqueue/4.1.96.Final/netty-transport-native-kqueue-4.1.96.Final.jar:/home/danillo/.m2/repository/io/netty/netty-transport-native-unix-common/4.1.96.Final/netty-transport-native-unix-common-4.1.96.Final.jar:/home/danillo/.m2/repository/io/netty/netty-transport/4.1.96.Final/netty-transport-4.1.96.Final.jar:/home/danillo/.m2/repository/io/netty/netty-resolver/4.1.96.Final/netty-resolver-4.1.96.Final.jar:/home/danillo/.m2/repository/io/opentelemetry/opentelemetry-api/1.28.0/opentelemetry-api-1.28.0.jar:/home/danillo/.m2/repository/io/opentelemetry/opentelemetry-context/1.28.0/opentelemetry-context-1.28.0.jar:/home/danillo/.m2/repository/io/opentelemetry/opentelemetry-exporter-logging/1.28.0/opentelemetry-exporter-logging-1.28.0.jar:/home/danillo/.m2/repository/io/opentelemetry/opentelemetry-sdk-metrics/1.28.0/opentelemetry-sdk-metrics-1.28.0.jar:/home/danillo/.m2/repository/io/opentelemetry/opentelemetry-extension-incubator/1.28.0-alpha/opentelemetry-extension-incubator-1.28.0-alpha.jar:/home/danillo/.m2/repository/io/opentelemetry/opentelemetry-sdk-logs/1.28.0/opentelemetry-sdk-logs-1.28.0.jar:/home/danillo/.m2/repository/io/opentelemetry/opentelemetry-sdk-common/1.28.0/opentelemetry-sdk-common-1.28.0.jar:/home/danillo/.m2/repository/io/opentelemetry/opentelemetry-sdk-extension-autoconfigure-spi/1.28.0/opentelemetry-sdk-extension-autoconfigure-spi-1.28.0.jar:/home/danillo/.m2/repository/io/opentelemetry/opentelemetry-sdk-extension-autoconfigure/1.28.0/opentelemetry-sdk-extension-autoconfigure-1.28.0.jar:/home/danillo/.m2/repository/io/opentelemetry/opentelemetry-api-events/1.28.0-alpha/opentelemetry-api-events-1.28.0-alpha.jar:/home/danillo/.m2/repository/io/opentelemetry/opentelemetry-sdk-trace/1.28.0/opentelemetry-sdk-trace-1.28.0.jar:/home/danillo/.m2/repository/io/opentelemetry/opentelemetry-sdk/1.28.0/opentelemetry-sdk-1.28.0.jar:/home/danillo/.m2/repository/io/opentelemetry/opentelemetry-semconv/1.28.0-alpha/opentelemetry-semconv-1.28.0-alpha.jar:/home/danillo/.m2/repository/net/bytebuddy/byte-buddy/1.14.5/byte-buddy-1.14.5.jar:/home/danillo/.m2/repository/org/asynchttpclient/async-http-client/2.12.3/async-http-client-2.12.3.jar:/home/danillo/.m2/repository/org/asynchttpclient/async-http-client-netty-utils/2.12.3/async-http-client-netty-utils-2.12.3.jar:/home/danillo/.m2/repository/io/netty/netty-codec-socks/4.1.60.Final/netty-codec-socks-4.1.60.Final.jar:/home/danillo/.m2/repository/io/netty/netty-handler-proxy/4.1.60.Final/netty-handler-proxy-4.1.60.Final.jar:/home/danillo/.m2/repository/io/netty/netty-transport-native-epoll/4.1.60.Final/netty-transport-native-epoll-4.1.60.Final-linux-x86_64.jar:/home/danillo/.m2/repository/io/netty/netty-transport-native-kqueue/4.1.60.Final/netty-transport-native-kqueue-4.1.60.Final-osx-x86_64.jar:/home/danillo/.m2/repository/org/reactivestreams/reactive-streams/1.0.3/reactive-streams-1.0.3.jar:/home/danillo/.m2/repository/com/typesafe/netty/netty-reactive-streams/2.0.4/netty-reactive-streams-2.0.4.jar:/home/danillo/.m2/repository/com/sun/activation/jakarta.activation/1.2.2/jakarta.activation-1.2.2.jar:/home/danillo/.m2/repository/org/seleniumhq/selenium/selenium-http/4.13.0/selenium-http-4.13.0.jar:/home/danillo/.m2/repository/dev/failsafe/failsafe/3.3.2/failsafe-3.3.2.jar:/home/danillo/.m2/repository/org/seleniumhq/selenium/selenium-json/4.13.0/selenium-json-4.13.0.jar:/home/danillo/.m2/repository/org/seleniumhq/selenium/selenium-manager/4.13.0/selenium-manager-4.13.0.jar:/home/danillo/.m2/repository/org/seleniumhq/selenium/selenium-os/4.13.0/selenium-os-4.13.0.jar:/home/danillo/.m2/repository/org/apache/commons/commons-exec/1.3/commons-exec-1.3.jar:/home/danillo/.m2/repository/org/seleniumhq/selenium/selenium-support/4.13.0/selenium-support-4.13.0.jar:/home/danillo/.m2/repository/com/google/code/gson/gson/2.10.1/gson-2.10.1.jar:/home/danillo/.m2/repository/org/apache/commons/commons-lang3/3.13.0/commons-lang3-3.13.0.jar:/home/danillo/.m2/repository/commons-io/commons-io/2.14.0/commons-io-2.14.0.jar:/home/danillo/.m2/repository/org/slf4j/slf4j-api/2.0.9/slf4j-api-2.0.9.jar:/home/danillo/.m2/repository/org/seleniumhq/selenium/selenium-java/4.15.0/selenium-java-4.15.0.jar:/home/danillo/.m2/repository/org/seleniumhq/selenium/selenium-chrome-driver/4.15.0/selenium-chrome-driver-4.15.0.jar:/home/danillo/.m2/repository/org/seleniumhq/selenium/selenium-chromium-driver/4.15.0/selenium-chromium-driver-4.15.0.jar:/home/danillo/.m2/repository/org/seleniumhq/selenium/selenium-devtools-v117/4.15.0/selenium-devtools-v117-4.15.0.jar:/home/danillo/.m2/repository/org/seleniumhq/selenium/selenium-devtools-v118/4.15.0/selenium-devtools-v118-4.15.0.jar:/home/danillo/.m2/repository/org/seleniumhq/selenium/selenium-devtools-v119/4.15.0/selenium-devtools-v119-4.15.0.jar:/home/danillo/.m2/repository/org/seleniumhq/selenium/selenium-devtools-v85/4.15.0/selenium-devtools-v85-4.15.0.jar:/home/danillo/.m2/repository/org/seleniumhq/selenium/selenium-edge-driver/4.15.0/selenium-edge-driver-4.15.0.jar:/home/danillo/.m2/repository/org/seleniumhq/selenium/selenium-firefox-driver/4.15.0/selenium-firefox-driver-4.15.0.jar:/home/danillo/.m2/repository/org/seleniumhq/selenium/selenium-ie-driver/4.15.0/selenium-ie-driver-4.15.0.jar:/home/danillo/.m2/repository/org/seleniumhq/selenium/selenium-safari-driver/4.15.0/selenium-safari-driver-4.15.0.jar:/home/danillo/.m2/repository/org/testng/testng/7.8.0/testng-7.8.0.jar:/home/danillo/.m2/repository/com/beust/jcommander/1.82/jcommander-1.82.jar:/home/danillo/.m2/repository/org/webjars/jquery/3.6.1/jquery-3.6.1.jar:/home/danillo/.m2/repository/com/opencsv/opencsv/5.8/opencsv-5.8.jar:/home/danillo/.m2/repository/org/apache/commons/commons-text/1.10.0/commons-text-1.10.0.jar:/home/danillo/.m2/repository/commons-beanutils/commons-beanutils/1.9.4/commons-beanutils-1.9.4.jar:/home/danillo/.m2/repository/commons-logging/commons-logging/1.2/commons-logging-1.2.jar:/home/danillo/.m2/repository/commons-collections/commons-collections/3.2.2/commons-collections-3.2.2.jar:/home/danillo/.m2/repository/org/apache/commons/commons-collections4/4.4/commons-collections4-4.4.jar:"/>
    <property name="java.vm.vendor" value="Eclipse Adoptium"/>
    <property name="sun.arch.data.model" value="64"/>
    <property name="java.vendor.url" value="https://adoptium.net/"/>
    <property name="user.timezone" value="America/Bahia"/>
    <property name="os.name" value="Linux"/>
    <property name="java.vm.specification.version" value="17"/>
    <property name="sun.java.launcher" value="SUN_STANDARD"/>
    <property name="user.country" value="BR"/>
    <property name="sun.boot.library.path" value="/home/danillo/.sdkman/candidates/java/17.0.9-tem/lib"/>
    <property name="sun.java.command" value="/home/danillo/Dropbox/Estudos/Teste de Software/Iterasys/Formacao em Teste de Software/Lista de Exercícios/Projetos de Conclusão/5-teste-mobile/target/surefire/surefirebooter-20251001230732381_3.jar /home/danillo/Dropbox/Estudos/Teste de Software/Iterasys/Formacao em Teste de Software/Lista de Exercícios/Projetos de Conclusão/5-teste-mobile/target/surefire 2025-10-01T23-07-32_275-jvmRun1 surefire-20251001230732381_1tmp surefire_0-20251001230732381_2tmp"/>
    <property name="jdk.debug" value="release"/>
    <property name="surefire.test.class.path" value="/home/danillo/Dropbox/Estudos/Teste de Software/Iterasys/Formacao em Teste de Software/Lista de Exercícios/Projetos de Conclusão/5-teste-mobile/target/test-classes:/home/danillo/Dropbox/Estudos/Teste de Software/Iterasys/Formacao em Teste de Software/Lista de Exercícios/Projetos de Conclusão/5-teste-mobile/target/classes:/home/danillo/.m2/repository/io/appium/java-client/8.6.0/java-client-8.6.0.jar:/home/danillo/.m2/repository/org/seleniumhq/selenium/selenium-api/4.13.0/selenium-api-4.13.0.jar:/home/danillo/.m2/repository/org/seleniumhq/selenium/selenium-remote-driver/4.13.0/selenium-remote-driver-4.13.0.jar:/home/danillo/.m2/repository/com/google/auto/service/auto-service-annotations/1.1.1/auto-service-annotations-1.1.1.jar:/home/danillo/.m2/repository/com/google/guava/guava/32.1.2-jre/guava-32.1.2-jre.jar:/home/danillo/.m2/repository/com/google/guava/failureaccess/1.0.1/failureaccess-1.0.1.jar:/home/danillo/.m2/repository/com/google/guava/listenablefuture/9999.0-empty-to-avoid-conflict-with-guava/listenablefuture-9999.0-empty-to-avoid-conflict-with-guava.jar:/home/danillo/.m2/repository/com/google/code/findbugs/jsr305/3.0.2/jsr305-3.0.2.jar:/home/danillo/.m2/repository/org/checkerframework/checker-qual/3.33.0/checker-qual-3.33.0.jar:/home/danillo/.m2/repository/com/google/errorprone/error_prone_annotations/2.18.0/error_prone_annotations-2.18.0.jar:/home/danillo/.m2/repository/com/google/j2objc/j2objc-annotations/2.8/j2objc-annotations-2.8.jar:/home/danillo/.m2/repository/io/netty/netty-buffer/4.1.96.Final/netty-buffer-4.1.96.Final.jar:/home/danillo/.m2/repository/io/netty/netty-codec-http/4.1.96.Final/netty-codec-http-4.1.96.Final.jar:/home/danillo/.m2/repository/io/netty/netty-codec/4.1.96.Final/netty-codec-4.1.96.Final.jar:/home/danillo/.m2/repository/io/netty/netty-handler/4.1.96.Final/netty-handler-4.1.96.Final.jar:/home/danillo/.m2/repository/io/netty/netty-common/4.1.96.Final/netty-common-4.1.96.Final.jar:/home/danillo/.m2/repository/io/netty/netty-transport-classes-epoll/4.1.96.Final/netty-transport-classes-epoll-4.1.96.Final.jar:/home/danillo/.m2/repository/io/netty/netty-transport-classes-kqueue/4.1.96.Final/netty-transport-classes-kqueue-4.1.96.Final.jar:/home/danillo/.m2/repository/io/netty/netty-transport-native-epoll/4.1.96.Final/netty-transport-native-epoll-4.1.96.Final.jar:/home/danillo/.m2/repository/io/netty/netty-transport-native-kqueue/4.1.96.Final/netty-transport-native-kqueue-4.1.96.Final.jar:/home/danillo/.m2/repository/io/netty/netty-transport-native-unix-common/4.1.96.Final/netty-transport-native-unix-common-4.1.96.Final.jar:/home/danillo/.m2/repository/io/netty/netty-transport/4.1.96.Final/netty-transport-4.1.96.Final.jar:/home/danillo/.m2/repository/io/netty/netty-resolver/4.1.96.Final/netty-resolver-4.1.96.Final.jar:/home/danillo/.m2/repository/io/opentelemetry/opentelemetry-api/1.28.0/opentelemetry-api-1.28.0.jar:/home/danillo/.m2/repository/io/opentelemetry/opentelemetry-context/1.28.0/opentelemetry-context-1.28.0.jar:/home/danillo/.m2/repository/io/opentelemetry/opentelemetry-exporter-logging/1.28.0/opentelemetry-exporter-logging-1.28.0.jar:/home/danillo/.m2/repository/io/opentelemetry/opentelemetry-sdk-metrics/1.28.0/opentelemetry-sdk-metrics-1.28.0.jar:/home/danillo/.m2/repository/io/opentelemetry/opentelemetry-extension-incubator/1.28.0-alpha/opentelemetry-extension-incubator-1.28.0-alpha.jar:/home/danillo/.m2/repository/io/opentelemetry/opentelemetry-sdk-logs/1.28.0/opentelemetry-sdk-logs-1.28.0.jar:/home/danillo/.m2/repository/io/opentelemetry/opentelemetry-sdk-common/1.28.0/opentelemetry-sdk-common-1.28.0.jar:/home/danillo/.m2/repository/io/opentelemetry/opentelemetry-sdk-extension-autoconfigure-spi/1.28.0/opentelemetry-sdk-extension-autoconfigure-spi-1.28.0.jar:/home/danillo/.m2/repository/io/opentelemetry/opentelemetry-sdk-extension-autoconfigure/1.28.0/opentelemetry-sdk-extension-autoconfigure-1.28.0.jar:/home/danillo/.m2/repository/io/opentelemetry/opentelemetry-api-events/1.28.0-alpha/opentelemetry-api-events-1.28.0-alpha.jar:/home/danillo/.m2/repository/io/opentelemetry/opentelemetry-sdk-trace/1.28.0/opentelemetry-sdk-trace-1.28.0.jar:/home/danillo/.m2/repository/io/opentelemetry/opentelemetry-sdk/1.28.0/opentelemetry-sdk-1.28.0.jar:/home/danillo/.m2/repository/io/opentelemetry/opentelemetry-semconv/1.28.0-alpha/opentelemetry-semconv-1.28.0-alpha.jar:/home/danillo/.m2/repository/net/bytebuddy/byte-buddy/1.14.5/byte-buddy-1.14.5.jar:/home/danillo/.m2/repository/org/asynchttpclient/async-http-client/2.12.3/async-http-client-2.12.3.jar:/home/danillo/.m2/repository/org/asynchttpclient/async-http-client-netty-utils/2.12.3/async-http-client-netty-utils-2.12.3.jar:/home/danillo/.m2/repository/io/netty/netty-codec-socks/4.1.60.Final/netty-codec-socks-4.1.60.Final.jar:/home/danillo/.m2/repository/io/netty/netty-handler-proxy/4.1.60.Final/netty-handler-proxy-4.1.60.Final.jar:/home/danillo/.m2/repository/io/netty/netty-transport-native-epoll/4.1.60.Final/netty-transport-native-epoll-4.1.60.Final-linux-x86_64.jar:/home/danillo/.m2/repository/io/netty/netty-transport-native-kqueue/4.1.60.Final/netty-transport-native-kqueue-4.1.60.Final-osx-x86_64.jar:/home/danillo/.m2/repository/org/reactivestreams/reactive-streams/1.0.3/reactive-streams-1.0.3.jar:/home/danillo/.m2/repository/com/typesafe/netty/netty-reactive-streams/2.0.4/netty-reactive-streams-2.0.4.jar:/home/danillo/.m2/repository/com/sun/activation/jakarta.activation/1.2.2/jakarta.activation-1.2.2.jar:/home/danillo/.m2/repository/org/seleniumhq/selenium/selenium-http/4.13.0/selenium-http-4.13.0.jar:/home/danillo/.m2/repository/dev/failsafe/failsafe/3.3.2/failsafe-3.3.2.jar:/home/danillo/.m2/repository/org/seleniumhq/selenium/selenium-json/4.13.0/selenium-json-4.13.0.jar:/home/danillo/.m2/repository/org/seleniumhq/selenium/selenium-manager/4.13.0/selenium-manager-4.13.0.jar:/home/danillo/.m2/repository/org/seleniumhq/selenium/selenium-os/4.13.0/selenium-os-4.13.0.jar:/home/danillo/.m2/repository/org/apache/commons/commons-exec/1.3/commons-exec-1.3.jar:/home/danillo/.m2/repository/org/seleniumhq/selenium/selenium-support/4.13.0/selenium-support-4.13.0.jar:/home/danillo/.m2/repository/com/google/code/gson/gson/2.10.1/gson-2.10.1.jar:/home/danillo/.m2/repository/org/apache/commons/commons-lang3/3.13.0/commons-lang3-3.13.0.jar:/home/danillo/.m2/repository/commons-io/commons-io/2.14.0/commons-io-2.14.0.jar:/home/danillo/.m2/repository/org/slf4j/slf4j-api/2.0.9/slf4j-api-2.0.9.jar:/home/danillo/.m2/repository/org/seleniumhq/selenium/selenium-java/4.15.0/selenium-java-4.15.0.jar:/home/danillo/.m2/repository/org/seleniumhq/selenium/selenium-chrome-driver/4.15.0/selenium-chrome-driver-4.15.0.jar:/home/danillo/.m2/repository/org/seleniumhq/selenium/selenium-chromium-driver/4.15.0/selenium-chromium-driver-4.15.0.jar:/home/danillo/.m2/repository/org/seleniumhq/selenium/selenium-devtools-v117/4.15.0/selenium-devtools-v117-4.15.0.jar:/home/danillo/.m2/repository/org/seleniumhq/selenium/selenium-devtools-v118/4.15.0/selenium-devtools-v118-4.15.0.jar:/home/danillo/.m2/repository/org/seleniumhq/selenium/selenium-devtools-v119/4.15.0/selenium-devtools-v119-4.15.0.jar:/home/danillo/.m2/repository/org/seleniumhq/selenium/selenium-devtools-v85/4.15.0/selenium-devtools-v85-4.15.0.jar:/home/danillo/.m2/repository/org/seleniumhq/selenium/selenium-edge-driver/4.15.0/selenium-edge-driver-4.15.0.jar:/home/danillo/.m2/repository/org/seleniumhq/selenium/selenium-firefox-driver/4.15.0/selenium-firefox-driver-4.15.0.jar:/home/danillo/.m2/repository/org/seleniumhq/selenium/selenium-ie-driver/4.15.0/selenium-ie-driver-4.15.0.jar:/home/danillo/.m2/repository/org/seleniumhq/selenium/selenium-safari-driver/4.15.0/selenium-safari-driver-4.15.0.jar:/home/danillo/.m2/repository/org/testng/testng/7.8.0/testng-7.8.0.jar:/home/danillo/.m2/repository/com/beust/jcommander/1.82/jcommander-1.82.jar:/home/danillo/.m2/repository/org/webjars/jquery/3.6.1/jquery-3.6.1.jar:/home/danillo/.m2/repository/com/opencsv/opencsv/5.8/opencsv-5.8.jar:/home/danillo/.m2/repository/org/apache/commons/commons-text/1.10.0/commons-text-1.10.0.jar:/home/danillo/.m2/repository/commons-beanutils/commons-beanutils/1.9.4/commons-beanutils-1.9.4.jar:/home/danillo/.m2/repository/commons-logging/commons-logging/1.2/commons-logging-1.2.jar:/home/danillo/.m2/repository/commons-collections/commons-collections/3.2.2/commons-collections-3.2.2.jar:/home/danillo/.m2/repository/org/apache/commons/commons-collections4/4.4/commons-collections4-4.4.jar:"/>
    <property name="sun.cpu.endian" value="little"/>
    <property name="user.home" value="/home/danillo"/>
    <property name="user.language" value="pt"/>
    <property name="java.specification.vendor" value="Oracle Corporation"/>
    <property name="java.version.date" value="2023-10-17"/>
    <property name="java.home" value="/home/danillo/.sdkman/candidates/java/17.0.9-tem"/>
    <property name="file.separator" value="/"/>
    <property name="basedir" value="/home/danillo/Dropbox/Estudos/Teste de Software/Iterasys/Formacao em Teste de Software/Lista de Exercícios/Projetos de Conclusão/5-teste-mobile"/>
    <property name="java.vm.compressedOopsMode" value="Zero based"/>
    <property name="line.separator" value="&#10;"/>
    <property name="java.vm.specification.vendor" value="Oracle Corporation"/>
    <property name="java.specification.name" value="Java Platform API Specification"/>
    <property name="surefire.real.class.path" value="/home/danillo/Dropbox/Estudos/Teste de Software/Iterasys/Formacao em Teste de Software/Lista de Exercícios/Projetos de Conclusão/5-teste-mobile/target/surefire/surefirebooter-20251001230732381_3.jar"/>
    <property name="sun.management.compiler" value="HotSpot 64-Bit Tiered Compilers"/>
    <property name="java.runtime.version" value="17.0.9+9"/>
    <property name="user.name" value="danillo"/>
    <property name="path.separator" value=":"/>
    <property name="os.version" value="6.14.0-33-generic"/>
    <property name="java.runtime.name" value="OpenJDK Runtime Environment"/>
    <property name="file.encoding" value="UTF-8"/>
    <property name="java.vm.name" value="OpenJDK 64-Bit Server VM"/>
    <property name="java.vendor.version" value="Temurin-17.0.9+9"/>
    <property name="localRepository" value="/home/danillo/.m2/repository"/>
    <property name="java.vendor.url.bug" value="https://github.com/adoptium/adoptium-support/issues"/>
    <property name="java.io.tmpdir" value="/tmp"/>
    <property name="java.version" value="17.0.9"/>
    <property name="user.dir" value="/home/danillo/Dropbox/Estudos/Teste de Software/Iterasys/Formacao em Teste de Software/Lista de Exercícios/Projetos de Conclusão/5-teste-mobile"/>
    <property name="os.arch" value="amd64"/>
    <property name="java.vm.specification.name" value="Java Virtual Machine Specification"/>
    <property name="native.encoding" value="UTF-8"/>
    <property name="java.library.path" value="/usr/java/packages/lib:/usr/lib64:/lib64:/lib:/usr/lib"/>
    <property name="java.vm.info" value="mixed mode, sharing"/>
    <property name="java.vendor" value="Eclipse Adoptium"/>
    <property name="java.vm.version" value="17.0.9+9"/>
    <property name="sun.io.unicode.encoding" value="UnicodeLittle"/>
    <property name="java.class.version" value="61.0"/>
  </properties>
  <testcase name="setUp" classname="CalculadoraTest" time="2.649">
    <failure message="Could not start a new session. Response code 400. Message: Verification failed for: storage:filename=Calculator_8.4 (503542421)_Apkpure.apk - File is not available. Make sure the file is in App Storage and you have access permissions to it before retrying. If you have confirmed you have access to the file in App Storage and you continue to get this error, contact help@saucelabs.com for support. [Trace: XXXXXXXX-XXXX-XXXX-XXXX-XXXX65319e6f] &#10;Host info: host: &apos;danillo&apos;, ip: &apos;192.168.15.23&apos;&#10;Build info: version: &apos;4.13.0&apos;, revision: &apos;ba948ece5b*&apos;&#10;System info: os.name: &apos;Linux&apos;, os.arch: &apos;amd64&apos;, os.version: &apos;6.14.0-33-generic&apos;, java.version: &apos;17.0.9&apos;&#10;Driver info: io.appium.java_client.android.AndroidDriver&#10;Command: [null, newSession {capabilities=[{appium:app=storage:filename=Calculator_8.4 (503542421)_Apkpure.apk, appium:automationName=UiAutomator2, appium:deviceName=Google Pixel 3 GoogleAPI Emulator, appium:platformVersion=9.0, platformName=ANDROID, sauce:options={accessKey=49d13ae3-a890-47ed-813b-6ab9262151c7, build=Calculadora Google - Teste Mobile v1.0, name=Testes de Soma com Page Objects e CSV, deviceOrientation=portrait, username=oauth-danillo-75a98}}], desiredCapabilities=Capabilities {app: storage:filename=Calculator..., appium:automationName: UiAutomator2, appium:deviceName: Google Pixel 3 GoogleAPI Em..., appium:platformVersion: 9.0, platformName: ANDROID, sauce:options: {accessKey: 49d13ae3-a890-47ed-813b-6ab..., build: Calculadora Google - Teste ..., deviceOrientation: portrait, name: Testes de Soma com Page Obj..., username: oauth-danillo-75a98}}}]&#10;Capabilities {app: storage:filename=Calculator..., appium:automationName: UiAutomator2, appium:deviceName: Google Pixel 3 GoogleAPI Em..., appium:platformVersion: 9.0, platformName: ANDROID, sauce:options: {accessKey: 49d13ae3-a890-47ed-813b-6ab..., build: Calculadora Google - Teste ..., deviceOrientation: portrait, name: Testes de Soma com Page Obj..., username: oauth-danillo-75a98}}" type="org.openqa.selenium.SessionNotCreatedException"><![CDATA[org.openqa.selenium.SessionNotCreatedException: 
Could not start a new session. Response code 400. Message: Verification failed for: storage:filename=Calculator_8.4 (503542421)_Apkpure.apk - File is not available. Make sure the file is in App Storage and you have access permissions to it before retrying. If you have confirmed you have access to the file in App Storage and you continue to get this error, contact help@saucelabs.com for support. [Trace: XXXXXXXX-XXXX-XXXX-XXXX-XXXX65319e6f] 
Host info: host: 'danillo', ip: '192.168.15.23'
Build info: version: '4.13.0', revision: 'ba948ece5b*'
System info: os.name: 'Linux', os.arch: 'amd64', os.version: '6.14.0-33-generic', java.version: '17.0.9'
Driver info: io.appium.java_client.android.AndroidDriver
Command: [null, newSession {capabilities=[{appium:app=storage:filename=Calculator_8.4 (503542421)_Apkpure.apk, appium:automationName=UiAutomator2, appium:deviceName=Google Pixel 3 GoogleAPI Emulator, appium:platformVersion=9.0, platformName=ANDROID, sauce:options={accessKey=49d13ae3-a890-47ed-813b-6ab9262151c7, build=Calculadora Google - Teste Mobile v1.0, name=Testes de Soma com Page Objects e CSV, deviceOrientation=portrait, username=oauth-danillo-75a98}}], desiredCapabilities=Capabilities {app: storage:filename=Calculator..., appium:automationName: UiAutomator2, appium:deviceName: Google Pixel 3 GoogleAPI Em..., appium:platformVersion: 9.0, platformName: ANDROID, sauce:options: {accessKey: 49d13ae3-a890-47ed-813b-6ab..., build: Calculadora Google - Teste ..., deviceOrientation: portrait, name: Testes de Soma com Page Obj..., username: oauth-danillo-75a98}}}]
Capabilities {app: storage:filename=Calculator..., appium:automationName: UiAutomator2, appium:deviceName: Google Pixel 3 GoogleAPI Em..., appium:platformVersion: 9.0, platformName: ANDROID, sauce:options: {accessKey: 49d13ae3-a890-47ed-813b-6ab..., build: Calculadora Google - Teste ..., deviceOrientation: portrait, name: Testes de Soma com Page Obj..., username: oauth-danillo-75a98}}
	at org.openqa.selenium.remote.ProtocolHandshake.createSession(ProtocolHandshake.java:140)
	at java.base/jdk.internal.reflect.NativeMethodAccessorImpl.invoke0(Native Method)
	at java.base/jdk.internal.reflect.NativeMethodAccessorImpl.invoke(NativeMethodAccessorImpl.java:77)
	at java.base/jdk.internal.reflect.DelegatingMethodAccessorImpl.invoke(DelegatingMethodAccessorImpl.java:43)
	at java.base/java.lang.reflect.Method.invoke(Method.java:568)
	at io.appium.java_client.remote.AppiumProtocolHandshake.createSession(AppiumProtocolHandshake.java:133)
	at io.appium.java_client.remote.AppiumProtocolHandshake.createSession(AppiumProtocolHandshake.java:102)
	at io.appium.java_client.remote.AppiumCommandExecutor.createSession(AppiumCommandExecutor.java:182)
	at io.appium.java_client.remote.AppiumCommandExecutor.execute(AppiumCommandExecutor.java:250)
	at org.openqa.selenium.remote.RemoteWebDriver.execute(RemoteWebDriver.java:602)
	at io.appium.java_client.AppiumDriver.startSession(AppiumDriver.java:274)
	at org.openqa.selenium.remote.RemoteWebDriver.<init>(RemoteWebDriver.java:163)
	at io.appium.java_client.AppiumDriver.<init>(AppiumDriver.java:89)
	at io.appium.java_client.AppiumDriver.<init>(AppiumDriver.java:101)
	at io.appium.java_client.android.AndroidDriver.<init>(AndroidDriver.java:113)
	at base.BaseTest.setUp(BaseTest.java:41)
	at java.base/jdk.internal.reflect.NativeMethodAccessorImpl.invoke0(Native Method)
	at java.base/jdk.internal.reflect.NativeMethodAccessorImpl.invoke(NativeMethodAccessorImpl.java:77)
	at java.base/jdk.internal.reflect.DelegatingMethodAccessorImpl.invoke(DelegatingMethodAccessorImpl.java:43)
	at java.base/java.lang.reflect.Method.invoke(Method.java:568)
	at org.testng.internal.invokers.MethodInvocationHelper.invokeMethod(MethodInvocationHelper.java:139)
	at org.testng.internal.invokers.MethodInvocationHelper.invokeMethodConsideringTimeout(MethodInvocationHelper.java:69)
	at org.testng.internal.invokers.ConfigInvoker.invokeConfigurationMethod(ConfigInvoker.java:390)
	at org.testng.internal.invokers.ConfigInvoker.invokeConfigurations(ConfigInvoker.java:325)
	at org.testng.internal.invokers.TestInvoker.runConfigMethods(TestInvoker.java:810)
	at org.testng.internal.invokers.TestInvoker.invokeMethod(TestInvoker.java:577)
	at org.testng.internal.invokers.TestInvoker.invokeTestMethod(TestInvoker.java:227)
	at org.testng.internal.invokers.MethodRunner.runInSequence(MethodRunner.java:50)
	at org.testng.internal.invokers.TestInvoker$MethodInvocationAgent.invoke(TestInvoker.java:957)
	at org.testng.internal.invokers.TestInvoker.invokeTestMethods(TestInvoker.java:200)
	at org.testng.internal.invokers.TestMethodWorker.invokeTestMethods(TestMethodWorker.java:148)
	at org.testng.internal.invokers.TestMethodWorker.run(TestMethodWorker.java:128)
	at java.base/java.util.ArrayList.forEach(ArrayList.java:1511)
	at org.testng.TestRunner.privateRun(TestRunner.java:848)
	at org.testng.TestRunner.run(TestRunner.java:621)
	at org.testng.SuiteRunner.runTest(SuiteRunner.java:443)
	at org.testng.SuiteRunner.runSequentially(SuiteRunner.java:437)
	at org.testng.SuiteRunner.privateRun(SuiteRunner.java:397)
	at org.testng.SuiteRunner.run(SuiteRunner.java:336)
	at org.testng.SuiteRunnerWorker.runSuite(SuiteRunnerWorker.java:52)
	at org.testng.SuiteRunnerWorker.run(SuiteRunnerWorker.java:95)
	at org.testng.TestNG.runSuitesSequentially(TestNG.java:1280)
	at org.testng.TestNG.runSuitesLocally(TestNG.java:1200)
	at org.testng.TestNG.runSuites(TestNG.java:1114)
	at org.testng.TestNG.run(TestNG.java:1082)
	at org.apache.maven.surefire.testng.TestNGExecutor.run(TestNGExecutor.java:151)
	at org.apache.maven.surefire.testng.TestNGDirectoryTestSuite.executeMulti(TestNGDirectoryTestSuite.java:192)
	at org.apache.maven.surefire.testng.TestNGDirectoryTestSuite.execute(TestNGDirectoryTestSuite.java:93)
	at org.apache.maven.surefire.testng.TestNGProvider.invoke(TestNGProvider.java:155)
	at org.apache.maven.surefire.booter.ForkedBooter.runSuitesInProcess(ForkedBooter.java:456)
	at org.apache.maven.surefire.booter.ForkedBooter.execute(ForkedBooter.java:169)
	at org.apache.maven.surefire.booter.ForkedBooter.run(ForkedBooter.java:595)
	at org.apache.maven.surefire.booter.ForkedBooter.main(ForkedBooter.java:581)
]]></failure>
    <system-out><![CDATA[🚀 Configurando SauceLabs para Calculadora do Google...
📱 Conectando ao SauceLabs...
]]></system-out>
    <system-err><![CDATA[SLF4J: No SLF4J providers were found.
SLF4J: Defaulting to no-operation (NOP) logger implementation
SLF4J: See https://www.slf4j.org/codes.html#noProviders for further details.
]]></system-err>
  </testcase>
  <testcase name="setUp" classname="CalculadoraTest" time="0">
    <skipped/>
    <system-out><![CDATA[📄 [5.2] Carregando dados do arquivo CSV...
📄 Tentando ler arquivo CSV: src/test/resources/calculos.csv
📁 Arquivo encontrado no classpath
📋 Cabeçalho CSV: numero1,operacao,numero2,resultado
📊 Linha carregada: 5 | + | 3 | 8
📊 Linha carregada: 10 | + | 7 | 17
📊 Linha carregada: 25 | + | 15 | 40
✅ CSV carregado com sucesso! Total de linhas: 3
📊 [5.2] Carregados 3 casos de teste do CSV
]]></system-out>
  </testcase>
  <testcase name="setUp" classname="CalculadoraTest" time="0">
    <skipped/>
  </testcase>
  <testcase name="setUp" classname="CalculadoraTest" time="0">
    <skipped/>
  </testcase>
  <testcase name="testeSomaSimples" classname="CalculadoraTest" time="0">
    <skipped message="Could not start a new session. Response code 400. Message: Verification failed for: storage:filename=Calculator_8.4 (503542421)_Apkpure.apk - File is not available. Make sure the file is in App Storage and you have access permissions to it before retrying. If you have confirmed you have access to the file in App Storage and you continue to get this error, contact help@saucelabs.com for support. [Trace: XXXXXXXX-XXXX-XXXX-XXXX-XXXX65319e6f] &#10;Host info: host: &apos;danillo&apos;, ip: &apos;192.168.15.23&apos;&#10;Build info: version: &apos;4.13.0&apos;, revision: &apos;ba948ece5b*&apos;&#10;System info: os.name: &apos;Linux&apos;, os.arch: &apos;amd64&apos;, os.version: &apos;6.14.0-33-generic&apos;, java.version: &apos;17.0.9&apos;&#10;Driver info: io.appium.java_client.android.AndroidDriver&#10;Command: [null, newSession {capabilities=[{appium:app=storage:filename=Calculator_8.4 (503542421)_Apkpure.apk, appium:automationName=UiAutomator2, appium:deviceName=Google Pixel 3 GoogleAPI Emulator, appium:platformVersion=9.0, platformName=ANDROID, sauce:options={accessKey=49d13ae3-a890-47ed-813b-6ab9262151c7, build=Calculadora Google - Teste Mobile v1.0, name=Testes de Soma com Page Objects e CSV, deviceOrientation=portrait, username=oauth-danillo-75a98}}], desiredCapabilities=Capabilities {app: storage:filename=Calculator..., appium:automationName: UiAutomator2, appium:deviceName: Google Pixel 3 GoogleAPI Em..., appium:platformVersion: 9.0, platformName: ANDROID, sauce:options: {accessKey: 49d13ae3-a890-47ed-813b-6ab..., build: Calculadora Google - Teste ..., deviceOrientation: portrait, name: Testes de Soma com Page Obj..., username: oauth-danillo-75a98}}}]&#10;Capabilities {app: storage:filename=Calculator..., appium:automationName: UiAutomator2, appium:deviceName: Google Pixel 3 GoogleAPI Em..., appium:platformVersion: 9.0, platformName: ANDROID, sauce:options: {accessKey: 49d13ae3-a890-47ed-813b-6ab..., build: Calculadora Google - Teste ..., deviceOrientation: portrait, name: Testes de Soma com Page Obj..., username: oauth-danillo-75a98}}"/>
  </testcase>
  <testcase name="tearDown" classname="CalculadoraTest" time="0">
    <skipped/>
  </testcase>
  <testcase name="tearDown" classname="CalculadoraTest" time="0">
    <skipped/>
  </testcase>
  <testcase name="tearDown" classname="CalculadoraTest" time="0">
    <skipped/>
  </testcase>
  <testcase name="tearDown" classname="CalculadoraTest" time="0">
    <skipped/>
  </testcase>
  <testcase name="testeSomaComPageObjectsECSV[5, +, 3, 8](1)" classname="CalculadoraTest" time="0">
    <skipped message="Could not start a new session. Response code 400. Message: Verification failed for: storage:filename=Calculator_8.4 (503542421)_Apkpure.apk - File is not available. Make sure the file is in App Storage and you have access permissions to it before retrying. If you have confirmed you have access to the file in App Storage and you continue to get this error, contact help@saucelabs.com for support. [Trace: XXXXXXXX-XXXX-XXXX-XXXX-XXXX65319e6f] &#10;Host info: host: &apos;danillo&apos;, ip: &apos;192.168.15.23&apos;&#10;Build info: version: &apos;4.13.0&apos;, revision: &apos;ba948ece5b*&apos;&#10;System info: os.name: &apos;Linux&apos;, os.arch: &apos;amd64&apos;, os.version: &apos;6.14.0-33-generic&apos;, java.version: &apos;17.0.9&apos;&#10;Driver info: io.appium.java_client.android.AndroidDriver&#10;Command: [null, newSession {capabilities=[{appium:app=storage:filename=Calculator_8.4 (503542421)_Apkpure.apk, appium:automationName=UiAutomator2, appium:deviceName=Google Pixel 3 GoogleAPI Emulator, appium:platformVersion=9.0, platformName=ANDROID, sauce:options={accessKey=49d13ae3-a890-47ed-813b-6ab9262151c7, build=Calculadora Google - Teste Mobile v1.0, name=Testes de Soma com Page Objects e CSV, deviceOrientation=portrait, username=oauth-danillo-75a98}}], desiredCapabilities=Capabilities {app: storage:filename=Calculator..., appium:automationName: UiAutomator2, appium:deviceName: Google Pixel 3 GoogleAPI Em..., appium:platformVersion: 9.0, platformName: ANDROID, sauce:options: {accessKey: 49d13ae3-a890-47ed-813b-6ab..., build: Calculadora Google - Teste ..., deviceOrientation: portrait, name: Testes de Soma com Page Obj..., username: oauth-danillo-75a98}}}]&#10;Capabilities {app: storage:filename=Calculator..., appium:automationName: UiAutomator2, appium:deviceName: Google Pixel 3 GoogleAPI Em..., appium:platformVersion: 9.0, platformName: ANDROID, sauce:options: {accessKey: 49d13ae3-a890-47ed-813b-6ab..., build: Calculadora Google - Teste ..., deviceOrientation: portrait, name: Testes de Soma com Page Obj..., username: oauth-danillo-75a98}}"/>
  </testcase>
  <testcase name="testeSomaComPageObjectsECSV[10, +, 7, 17](2)" classname="CalculadoraTest" time="0">
    <skipped message="Could not start a new session. Response code 400. Message: Verification failed for: storage:filename=Calculator_8.4 (503542421)_Apkpure.apk - File is not available. Make sure the file is in App Storage and you have access permissions to it before retrying. If you have confirmed you have access to the file in App Storage and you continue to get this error, contact help@saucelabs.com for support. [Trace: XXXXXXXX-XXXX-XXXX-XXXX-XXXX65319e6f] &#10;Host info: host: &apos;danillo&apos;, ip: &apos;192.168.15.23&apos;&#10;Build info: version: &apos;4.13.0&apos;, revision: &apos;ba948ece5b*&apos;&#10;System info: os.name: &apos;Linux&apos;, os.arch: &apos;amd64&apos;, os.version: &apos;6.14.0-33-generic&apos;, java.version: &apos;17.0.9&apos;&#10;Driver info: io.appium.java_client.android.AndroidDriver&#10;Command: [null, newSession {capabilities=[{appium:app=storage:filename=Calculator_8.4 (503542421)_Apkpure.apk, appium:automationName=UiAutomator2, appium:deviceName=Google Pixel 3 GoogleAPI Emulator, appium:platformVersion=9.0, platformName=ANDROID, sauce:options={accessKey=49d13ae3-a890-47ed-813b-6ab9262151c7, build=Calculadora Google - Teste Mobile v1.0, name=Testes de Soma com Page Objects e CSV, deviceOrientation=portrait, username=oauth-danillo-75a98}}], desiredCapabilities=Capabilities {app: storage:filename=Calculator..., appium:automationName: UiAutomator2, appium:deviceName: Google Pixel 3 GoogleAPI Em..., appium:platformVersion: 9.0, platformName: ANDROID, sauce:options: {accessKey: 49d13ae3-a890-47ed-813b-6ab..., build: Calculadora Google - Teste ..., deviceOrientation: portrait, name: Testes de Soma com Page Obj..., username: oauth-danillo-75a98}}}]&#10;Capabilities {app: storage:filename=Calculator..., appium:automationName: UiAutomator2, appium:deviceName: Google Pixel 3 GoogleAPI Em..., appium:platformVersion: 9.0, platformName: ANDROID, sauce:options: {accessKey: 49d13ae3-a890-47ed-813b-6ab..., build: Calculadora Google - Teste ..., deviceOrientation: portrait, name: Testes de Soma com Page Obj..., username: oauth-danillo-75a98}}"/>
  </testcase>
  <testcase name="testeSomaComPageObjectsECSV[25, +, 15, 40](3)" classname="CalculadoraTest" time="0">
    <skipped message="Could not start a new session. Response code 400. Message: Verification failed for: storage:filename=Calculator_8.4 (503542421)_Apkpure.apk - File is not available. Make sure the file is in App Storage and you have access permissions to it before retrying. If you have confirmed you have access to the file in App Storage and you continue to get this error, contact help@saucelabs.com for support. [Trace: XXXXXXXX-XXXX-XXXX-XXXX-XXXX65319e6f] &#10;Host info: host: &apos;danillo&apos;, ip: &apos;192.168.15.23&apos;&#10;Build info: version: &apos;4.13.0&apos;, revision: &apos;ba948ece5b*&apos;&#10;System info: os.name: &apos;Linux&apos;, os.arch: &apos;amd64&apos;, os.version: &apos;6.14.0-33-generic&apos;, java.version: &apos;17.0.9&apos;&#10;Driver info: io.appium.java_client.android.AndroidDriver&#10;Command: [null, newSession {capabilities=[{appium:app=storage:filename=Calculator_8.4 (503542421)_Apkpure.apk, appium:automationName=UiAutomator2, appium:deviceName=Google Pixel 3 GoogleAPI Emulator, appium:platformVersion=9.0, platformName=ANDROID, sauce:options={accessKey=49d13ae3-a890-47ed-813b-6ab9262151c7, build=Calculadora Google - Teste Mobile v1.0, name=Testes de Soma com Page Objects e CSV, deviceOrientation=portrait, username=oauth-danillo-75a98}}], desiredCapabilities=Capabilities {app: storage:filename=Calculator..., appium:automationName: UiAutomator2, appium:deviceName: Google Pixel 3 GoogleAPI Em..., appium:platformVersion: 9.0, platformName: ANDROID, sauce:options: {accessKey: 49d13ae3-a890-47ed-813b-6ab..., build: Calculadora Google - Teste ..., deviceOrientation: portrait, name: Testes de Soma com Page Obj..., username: oauth-danillo-75a98}}}]&#10;Capabilities {app: storage:filename=Calculator..., appium:automationName: UiAutomator2, appium:deviceName: Google Pixel 3 GoogleAPI Em..., appium:platformVersion: 9.0, platformName: ANDROID, sauce:options: {accessKey: 49d13ae3-a890-47ed-813b-6ab..., build: Calculadora Google - Teste ..., deviceOrientation: portrait, name: Testes de Soma com Page Obj..., username: oauth-danillo-75a98}}"/>
  </testcase>
</testsuite>