<?xml version="1.0" encoding="UTF-8"?>
<testsuite xmlns:xsi="http://www.w3.org/2001/XMLSchema-instance" xsi:noNamespaceSchemaLocation="https://maven.apache.org/surefire/maven-surefire-plugin/xsd/surefire-test-report-3.0.xsd" version="3.0" name="TesteAreas" time="0.462" tests="14" errors="0" skipped="0" failures="0">
  <properties>
    <property name="java.specification.version" value="17"/>
    <property name="sun.jnu.encoding" value="UTF-8"/>
    <property name="java.class.path" value="/home/danillo/Dropbox/Estudos/Teste de Software/Iterasys/Formacao em Teste de Software/Lista de Exercícios/Lista 06 - Testes de Unidade/Areas142/target/test-classes:/home/danillo/Dropbox/Estudos/Teste de Software/Iterasys/Formacao em Teste de Software/Lista de Exercícios/Lista 06 - Testes de Unidade/Areas142/target/classes:/home/danillo/.m2/repository/org/junit/jupiter/junit-jupiter/5.12.1/junit-jupiter-5.12.1.jar:/home/danillo/.m2/repository/org/junit/jupiter/junit-jupiter-api/5.12.1/junit-jupiter-api-5.12.1.jar:/home/danillo/.m2/repository/org/opentest4j/opentest4j/1.3.0/opentest4j-1.3.0.jar:/home/danillo/.m2/repository/org/junit/platform/junit-platform-commons/1.12.1/junit-platform-commons-1.12.1.jar:/home/danillo/.m2/repository/org/apiguardian/apiguardian-api/1.1.2/apiguardian-api-1.1.2.jar:/home/danillo/.m2/repository/org/junit/jupiter/junit-jupiter-params/5.12.1/junit-jupiter-params-5.12.1.jar:/home/danillo/.m2/repository/org/junit/jupiter/junit-jupiter-engine/5.12.1/junit-jupiter-engine-5.12.1.jar:/home/danillo/.m2/repository/org/junit/platform/junit-platform-engine/1.12.1/junit-platform-engine-1.12.1.jar:/home/danillo/.m2/repository/org/hamcrest/hamcrest/3.0/hamcrest-3.0.jar:"/>
    <property name="java.vm.vendor" value="Amazon.com Inc."/>
    <property name="sun.arch.data.model" value="64"/>
    <property name="java.vendor.url" value="https://aws.amazon.com/corretto/"/>
    <property name="os.name" value="Linux"/>
    <property name="java.vm.specification.version" value="17"/>
    <property name="sun.java.launcher" value="SUN_STANDARD"/>
    <property name="user.country" value="BR"/>
    <property name="sun.boot.library.path" value="/home/danillo/.sdkman/candidates/java/17.0.14-amzn/lib"/>
    <property name="sun.java.command" value="/home/danillo/Dropbox/Estudos/Teste de Software/Iterasys/Formacao em Teste de Software/Lista de Exercícios/Lista 06 - Testes de Unidade/Areas142/target/surefire/surefirebooter-20250323133030462_3.jar /home/danillo/Dropbox/Estudos/Teste de Software/Iterasys/Formacao em Teste de Software/Lista de Exercícios/Lista 06 - Testes de Unidade/Areas142/target/surefire 2025-03-23T13-30-29_983-jvmRun1 surefire-20250323133030462_1tmp surefire_0-20250323133030462_2tmp"/>
    <property name="jdk.debug" value="release"/>
    <property name="surefire.test.class.path" value="/home/danillo/Dropbox/Estudos/Teste de Software/Iterasys/Formacao em Teste de Software/Lista de Exercícios/Lista 06 - Testes de Unidade/Areas142/target/test-classes:/home/danillo/Dropbox/Estudos/Teste de Software/Iterasys/Formacao em Teste de Software/Lista de Exercícios/Lista 06 - Testes de Unidade/Areas142/target/classes:/home/danillo/.m2/repository/org/junit/jupiter/junit-jupiter/5.12.1/junit-jupiter-5.12.1.jar:/home/danillo/.m2/repository/org/junit/jupiter/junit-jupiter-api/5.12.1/junit-jupiter-api-5.12.1.jar:/home/danillo/.m2/repository/org/opentest4j/opentest4j/1.3.0/opentest4j-1.3.0.jar:/home/danillo/.m2/repository/org/junit/platform/junit-platform-commons/1.12.1/junit-platform-commons-1.12.1.jar:/home/danillo/.m2/repository/org/apiguardian/apiguardian-api/1.1.2/apiguardian-api-1.1.2.jar:/home/danillo/.m2/repository/org/junit/jupiter/junit-jupiter-params/5.12.1/junit-jupiter-params-5.12.1.jar:/home/danillo/.m2/repository/org/junit/jupiter/junit-jupiter-engine/5.12.1/junit-jupiter-engine-5.12.1.jar:/home/danillo/.m2/repository/org/junit/platform/junit-platform-engine/1.12.1/junit-platform-engine-1.12.1.jar:/home/danillo/.m2/repository/org/hamcrest/hamcrest/3.0/hamcrest-3.0.jar:"/>
    <property name="sun.cpu.endian" value="little"/>
    <property name="user.home" value="/home/danillo"/>
    <property name="user.language" value="pt"/>
    <property name="java.specification.vendor" value="Oracle Corporation"/>
    <property name="java.version.date" value="2025-01-21"/>
    <property name="java.home" value="/home/danillo/.sdkman/candidates/java/17.0.14-amzn"/>
    <property name="file.separator" value="/"/>
    <property name="basedir" value="/home/danillo/Dropbox/Estudos/Teste de Software/Iterasys/Formacao em Teste de Software/Lista de Exercícios/Lista 06 - Testes de Unidade/Areas142"/>
    <property name="java.vm.compressedOopsMode" value="Zero based"/>
    <property name="line.separator" value="&#10;"/>
    <property name="java.specification.name" value="Java Platform API Specification"/>
    <property name="java.vm.specification.vendor" value="Oracle Corporation"/>
    <property name="surefire.real.class.path" value="/home/danillo/Dropbox/Estudos/Teste de Software/Iterasys/Formacao em Teste de Software/Lista de Exercícios/Lista 06 - Testes de Unidade/Areas142/target/surefire/surefirebooter-20250323133030462_3.jar"/>
    <property name="sun.management.compiler" value="HotSpot 64-Bit Tiered Compilers"/>
    <property name="java.runtime.version" value="17.0.14+7-LTS"/>
    <property name="user.name" value="danillo"/>
    <property name="path.separator" value=":"/>
    <property name="os.version" value="6.8.0-55-generic"/>
    <property name="java.runtime.name" value="OpenJDK Runtime Environment"/>
    <property name="file.encoding" value="UTF-8"/>
    <property name="java.vm.name" value="OpenJDK 64-Bit Server VM"/>
    <property name="java.vendor.version" value="Corretto-17.0.14.7.1"/>
    <property name="localRepository" value="/home/danillo/.m2/repository"/>
    <property name="java.vendor.url.bug" value="https://github.com/corretto/corretto-17/issues/"/>
    <property name="java.io.tmpdir" value="/tmp"/>
    <property name="java.version" value="17.0.14"/>
    <property name="user.dir" value="/home/danillo/Dropbox/Estudos/Teste de Software/Iterasys/Formacao em Teste de Software/Lista de Exercícios/Lista 06 - Testes de Unidade/Areas142"/>
    <property name="os.arch" value="amd64"/>
    <property name="java.vm.specification.name" value="Java Virtual Machine Specification"/>
    <property name="native.encoding" value="UTF-8"/>
    <property name="java.library.path" value="/usr/java/packages/lib:/usr/lib64:/lib64:/lib:/usr/lib"/>
    <property name="java.vm.info" value="mixed mode, sharing"/>
    <property name="java.vendor" value="Amazon.com Inc."/>
    <property name="java.vm.version" value="17.0.14+7-LTS"/>
    <property name="java.specification.maintenance.version" value="1"/>
    <property name="sun.io.unicode.encoding" value="UnicodeLittle"/>
    <property name="java.class.version" value="61.0"/>
  </properties>
  <testcase name="testeCirculo" classname="TesteAreas" time="0.064">
    <system-out><![CDATA[Calculando a área do círculo com raio 3.0 .Resultado: 28.274334
]]></system-out>
  </testcase>
  <testcase name="testeRetangulo" classname="TesteAreas" time="0.014">
    <system-out><![CDATA[Calculando a área do retângulo com base 35.0 e altura 2.5 .Resultado: 87.5
]]></system-out>
  </testcase>
  <testcase name="testeQuadrado" classname="TesteAreas" time="0.003">
    <system-out><![CDATA[Calculando a área do quadrado com lado 7.0 .Resultado: 49.0
]]></system-out>
  </testcase>
  <testcase name="testeTriangulo" classname="TesteAreas" time="0.004">
    <system-out><![CDATA[Calculando a área do triângulo com base 5.0 e altura 7.0 .Resultado: 17.5
]]></system-out>
  </testcase>
  <testcase name="testeRetanguloDDT(float, float, float)[1]" classname="TesteAreas" time="0.057">
    <system-out><![CDATA[Calculando a área do retângulo com base 5.0 e altura 7.0 .Resultado: 35.0
]]></system-out>
  </testcase>
  <testcase name="testeRetanguloDDT(float, float, float)[2]" classname="TesteAreas" time="0.005">
    <system-out><![CDATA[Calculando a área do retângulo com base 3.0 e altura 2.0 .Resultado: 6.0
]]></system-out>
  </testcase>
  <testcase name="testeRetanguloDDT(float, float, float)[3]" classname="TesteAreas" time="0.004">
    <system-out><![CDATA[Calculando a área do retângulo com base 10.0 e altura 10.0 .Resultado: 100.0
]]></system-out>
  </testcase>
  <testcase name="testeRetanguloDDT(float, float, float)[4]" classname="TesteAreas" time="0.008">
    <system-out><![CDATA[Calculando a área do retângulo com base -3.0 e altura -3.0 .Resultado: 9.0
]]></system-out>
  </testcase>
  <testcase name="testeRetanguloDDT(float, float, float)[5]" classname="TesteAreas" time="0.004">
    <system-out><![CDATA[Calculando a área do retângulo com base 7.0 e altura 7.0 .Resultado: 49.0
]]></system-out>
  </testcase>
  <testcase name="testeTrianguloCSV(float, float, float)[1]" classname="TesteAreas" time="0.005">
    <system-out><![CDATA[Calculando a área do triângulo com base 2.0 e altura 3.0 .Resultado: 3.0
]]></system-out>
  </testcase>
  <testcase name="testeTrianguloCSV(float, float, float)[2]" classname="TesteAreas" time="0.004">
    <system-out><![CDATA[Calculando a área do triângulo com base 3.0 e altura 4.0 .Resultado: 6.0
]]></system-out>
  </testcase>
  <testcase name="testeTrianguloCSV(float, float, float)[3]" classname="TesteAreas" time="0.006">
    <system-out><![CDATA[Calculando a área do triângulo com base 5.0 e altura 6.0 .Resultado: 15.0
]]></system-out>
  </testcase>
  <testcase name="testeTrianguloCSV(float, float, float)[4]" classname="TesteAreas" time="0.003">
    <system-out><![CDATA[Calculando a área do triângulo com base 6.0 e altura 7.0 .Resultado: 21.0
]]></system-out>
  </testcase>
  <testcase name="testeTrianguloCSV(float, float, float)[5]" classname="TesteAreas" time="0.005">
    <system-out><![CDATA[Calculando a área do triângulo com base -7.0 e altura -5.0 .Resultado: 17.5
]]></system-out>
  </testcase>
</testsuite>