<?xml version="1.0" encoding="UTF-8"?>
<!-- Generated by org.testng.reporters.JUnitReportReporter -->
<testsuite hostname="danillo" failures="0" tests="4" name="CalculadoraTest" time="265.454" errors="0" timestamp="2025-10-01T23:33:38 BRT" skipped="0">
  <testcase classname="CalculadoraTest" name="testeSomaSimples" time="62.766"/>
  <testcase classname="CalculadoraTest" name="testeSomaComPageObjectsECSV" time="69.369"/>
  <testcase classname="CalculadoraTest" name="testeSomaComPageObjectsECSV" time="64.199"/>
  <testcase classname="CalculadoraTest" name="testeSomaComPageObjectsECSV" time="69.120"/>
</testsuite> <!-- CalculadoraTest -->
