<?xml version="1.0" encoding="UTF-8"?>
<!-- Generated by org.testng.reporters.JUnitReportReporter -->
<testsuite hostname="danillo" failures="0" tests="4" name="CalculadoraTest" time="256.201" errors="0" timestamp="2025-10-01T23:39:44 BRT" skipped="0">
  <testcase classname="CalculadoraTest" name="testeSomaSimples" time="58.681"/>
  <testcase classname="CalculadoraTest" name="testeSomaComPageObjectsECSV" time="70.663"/>
  <testcase classname="CalculadoraTest" name="testeSomaComPageObjectsECSV" time="62.964"/>
  <testcase classname="CalculadoraTest" name="testeSomaComPageObjectsECSV" time="63.893"/>
</testsuite> <!-- CalculadoraTest -->
